2025-12-10 15:47:55,298 INFO [main] R.RuntimeLogger [Department.java:150] Department created:
2025-12-10 15:47:55,322 INFO [main] R.RuntimeLogger [DataBaseManager.java:39] JSON Serialization Successfull:[{"doctorIds":[],"name":"Neurologija","patientIds":[],"roomIds":[],"visitorIds":[],"visitors":[]},{"doctorIds":[],"name":"Neurologija","patientIds":[],"roomIds":[],"visitorIds":[],"visitors":[]},{"doctorIds":[],"name":"Neurologija","patientIds":[],"roomIds":[],"visitorIds":[],"visitors":[]},{"doctorIds":[],"name":"Ivanovina","patientIds":[],"roomIds":[],"visitorIds":[],"visitors":[]},{"doctorIds":[],"name":"sdfjklasd","patientIds":[],"roomIds":[],"visitorIds":[],"visitors":[]},{"doctorIds":[],"name":"asdčlkfj","patientIds":[],"roomIds":[],"visitorIds":[],"visitors":[]},{"doctorIds":[],"name":"sadklčdfsčklj","patientIds":[],"roomIds":[],"visitorIds":[],"visitors":[]},{"doctorIds":[],"name":"sdalčkfjasdćf","patientIds":[],"roomIds":[],"visitorIds":[],"visitors":[]},{"doctorIds":[],"name":"dfsa","patientIds":[],"roomIds":[],"visitorIds":[],"visitors":[]},{"doctorIds":[],"name":"1wqd","patientIds":[],"roomIds":[],"visitorIds":[],"visitors":[]},{"doctorIds":[],"name":"aaaa","patientIds":[],"roomIds":[],"visitorIds":[],"visitors":[]},{"doctorIds":[],"name":"aaaaaaaaaa","patientIds":[],"roomIds":[],"visitorIds":[],"visitors":[]},{"doctorIds":[],"name":"anja","patientIds":[],"roomIds":[],"visitorIds":[],"visitors":[]},{"doctorIds":[],"name":"neurolgija","patientIds":[],"roomIds":[],"visitorIds":[],"visitors":[]}]
2025-12-10 15:50:22,397 INFO [main] R.RuntimeLogger [Department.java:150] Department created: iiiiiiii
2025-12-10 15:50:22,419 INFO [main] R.RuntimeLogger [DataBaseManager.java:39] JSON Serialization Successfull:[{"doctorIds":[],"name":"Neurologija","patientIds":[],"roomIds":[],"visitorIds":[],"visitors":[]},{"doctorIds":[],"name":"Neurologija","patientIds":[],"roomIds":[],"visitorIds":[],"visitors":[]},{"doctorIds":[],"name":"Neurologija","patientIds":[],"roomIds":[],"visitorIds":[],"visitors":[]},{"doctorIds":[],"name":"Ivanovina","patientIds":[],"roomIds":[],"visitorIds":[],"visitors":[]},{"doctorIds":[],"name":"sdfjklasd","patientIds":[],"roomIds":[],"visitorIds":[],"visitors":[]},{"doctorIds":[],"name":"asdčlkfj","patientIds":[],"roomIds":[],"visitorIds":[],"visitors":[]},{"doctorIds":[],"name":"sadklčdfsčklj","patientIds":[],"roomIds":[],"visitorIds":[],"visitors":[]},{"doctorIds":[],"name":"sdalčkfjasdćf","patientIds":[],"roomIds":[],"visitorIds":[],"visitors":[]},{"doctorIds":[],"name":"dfsa","patientIds":[],"roomIds":[],"visitorIds":[],"visitors":[]},{"doctorIds":[],"name":"1wqd","patientIds":[],"roomIds":[],"visitorIds":[],"visitors":[]},{"doctorIds":[],"name":"aaaa","patientIds":[],"roomIds":[],"visitorIds":[],"visitors":[]},{"doctorIds":[],"name":"aaaaaaaaaa","patientIds":[],"roomIds":[],"visitorIds":[],"visitors":[]},{"doctorIds":[],"name":"anja","patientIds":[],"roomIds":[],"visitorIds":[],"visitors":[]},{"doctorIds":[],"name":"neurolgija","patientIds":[],"roomIds":[],"visitorIds":[],"visitors":[]},{"doctorIds":[],"name":"iiiiiiii","patientIds":[],"roomIds":[],"visitorIds":[],"visitors":[]}]
2025-12-10 15:53:55,339 INFO [main] R.RuntimeLogger [Department.java:150] Department created: jkjkldf
2025-12-10 15:53:55,362 INFO [main] R.RuntimeLogger [DataBaseManager.java:39] JSON Serialization Successfull:[{"doctorIds":[],"name":"Neurologija","patientIds":[],"roomIds":[],"visitorIds":[],"visitors":[]},{"doctorIds":[],"name":"Neurologija","patientIds":[],"roomIds":[],"visitorIds":[],"visitors":[]},{"doctorIds":[],"name":"Neurologija","patientIds":[],"roomIds":[],"visitorIds":[],"visitors":[]},{"doctorIds":[],"name":"Ivanovina","patientIds":[],"roomIds":[],"visitorIds":[],"visitors":[]},{"doctorIds":[],"name":"sdfjklasd","patientIds":[],"roomIds":[],"visitorIds":[],"visitors":[]},{"doctorIds":[],"name":"asdčlkfj","patientIds":[],"roomIds":[],"visitorIds":[],"visitors":[]},{"doctorIds":[],"name":"sadklčdfsčklj","patientIds":[],"roomIds":[],"visitorIds":[],"visitors":[]},{"doctorIds":[],"name":"sdalčkfjasdćf","patientIds":[],"roomIds":[],"visitorIds":[],"visitors":[]},{"doctorIds":[],"name":"dfsa","patientIds":[],"roomIds":[],"visitorIds":[],"visitors":[]},{"doctorIds":[],"name":"1wqd","patientIds":[],"roomIds":[],"visitorIds":[],"visitors":[]},{"doctorIds":[],"name":"aaaa","patientIds":[],"roomIds":[],"visitorIds":[],"visitors":[]},{"doctorIds":[],"name":"aaaaaaaaaa","patientIds":[],"roomIds":[],"visitorIds":[],"visitors":[]},{"doctorIds":[],"name":"anja","patientIds":[],"roomIds":[],"visitorIds":[],"visitors":[]},{"doctorIds":[],"name":"neurolgija","patientIds":[],"roomIds":[],"visitorIds":[],"visitors":[]},{"doctorIds":[],"name":"iiiiiiii","patientIds":[],"roomIds":[],"visitorIds":[],"visitors":[]},{"doctorIds":[],"name":"jkjkldf","patientIds":[],"roomIds":[],"visitorIds":[],"visitors":[]}]
2025-12-10 15:55:39,315 ERROR [main] R.RuntimeLogger [LogManager.java:51] null
jakarta.xml.bind.UnmarshalException: null
	at jakarta.xml.bind.helpers.AbstractUnmarshallerImpl.createUnmarshalException(AbstractUnmarshallerImpl.java:290)
	at org.glassfish.jaxb.runtime.v2.runtime.unmarshaller.UnmarshallerImpl.createUnmarshalException(UnmarshallerImpl.java:539)
	at org.glassfish.jaxb.runtime.v2.runtime.unmarshaller.UnmarshallerImpl.unmarshal0(UnmarshallerImpl.java:224)
	at org.glassfish.jaxb.runtime.v2.runtime.unmarshaller.UnmarshallerImpl.unmarshal(UnmarshallerImpl.java:189)
	at jakarta.xml.bind.helpers.AbstractUnmarshallerImpl.unmarshal(AbstractUnmarshallerImpl.java:146)
	at jakarta.xml.bind.helpers.AbstractUnmarshallerImpl.unmarshal(AbstractUnmarshallerImpl.java:188)
	at jakarta.xml.bind.helpers.AbstractUnmarshallerImpl.unmarshal(AbstractUnmarshallerImpl.java:172)
	at userLogs.LogManager.getLogDataBase(LogManager.java:49)
	at userLogs.LogManager.printLogs(LogManager.java:56)
	at Main.Main.main(Main.java:101)
Caused by: org.xml.sax.SAXParseException: Premature end of file.
	at java.xml/com.sun.org.apache.xerces.internal.util.ErrorHandlerWrapper.createSAXParseException(ErrorHandlerWrapper.java:204)
	at java.xml/com.sun.org.apache.xerces.internal.util.ErrorHandlerWrapper.fatalError(ErrorHandlerWrapper.java:178)
	at java.xml/com.sun.org.apache.xerces.internal.impl.XMLErrorReporter.reportError(XMLErrorReporter.java:400)
	at java.xml/com.sun.org.apache.xerces.internal.impl.XMLErrorReporter.reportError(XMLErrorReporter.java:327)
	at java.xml/com.sun.org.apache.xerces.internal.impl.XMLScanner.reportFatalError(XMLScanner.java:1465)
	at java.xml/com.sun.org.apache.xerces.internal.impl.XMLDocumentScannerImpl$PrologDriver.next(XMLDocumentScannerImpl.java:1043)
	at java.xml/com.sun.org.apache.xerces.internal.impl.XMLDocumentScannerImpl.next(XMLDocumentScannerImpl.java:635)
	at java.xml/com.sun.org.apache.xerces.internal.impl.XMLNSDocumentScannerImpl.next(XMLNSDocumentScannerImpl.java:113)
	at java.xml/com.sun.org.apache.xerces.internal.impl.XMLDocumentFragmentScannerImpl.scanDocument(XMLDocumentFragmentScannerImpl.java:551)
	at java.xml/com.sun.org.apache.xerces.internal.parsers.XML11Configuration.parse(XML11Configuration.java:890)
	at java.xml/com.sun.org.apache.xerces.internal.parsers.XML11Configuration.parse(XML11Configuration.java:826)
	at java.xml/com.sun.org.apache.xerces.internal.parsers.XMLParser.parse(XMLParser.java:137)
	at java.xml/com.sun.org.apache.xerces.internal.parsers.AbstractSAXParser.parse(AbstractSAXParser.java:1225)
	at java.xml/com.sun.org.apache.xerces.internal.jaxp.SAXParserImpl$JAXPSAXParser.parse(SAXParserImpl.java:629)
	at org.glassfish.jaxb.runtime.v2.runtime.unmarshaller.UnmarshallerImpl.unmarshal0(UnmarshallerImpl.java:218)
	... 7 common frames omitted
2025-12-10 15:55:44,787 INFO [main] R.RuntimeLogger [Department.java:150] Department created: ivan
2025-12-10 15:55:44,807 INFO [main] R.RuntimeLogger [DataBaseManager.java:39] JSON Serialization Successfull:[{"doctorIds":[],"name":"Neurologija","patientIds":[],"roomIds":[],"visitorIds":[],"visitors":[]},{"doctorIds":[],"name":"Neurologija","patientIds":[],"roomIds":[],"visitorIds":[],"visitors":[]},{"doctorIds":[],"name":"Neurologija","patientIds":[],"roomIds":[],"visitorIds":[],"visitors":[]},{"doctorIds":[],"name":"Ivanovina","patientIds":[],"roomIds":[],"visitorIds":[],"visitors":[]},{"doctorIds":[],"name":"sdfjklasd","patientIds":[],"roomIds":[],"visitorIds":[],"visitors":[]},{"doctorIds":[],"name":"asdčlkfj","patientIds":[],"roomIds":[],"visitorIds":[],"visitors":[]},{"doctorIds":[],"name":"sadklčdfsčklj","patientIds":[],"roomIds":[],"visitorIds":[],"visitors":[]},{"doctorIds":[],"name":"sdalčkfjasdćf","patientIds":[],"roomIds":[],"visitorIds":[],"visitors":[]},{"doctorIds":[],"name":"dfsa","patientIds":[],"roomIds":[],"visitorIds":[],"visitors":[]},{"doctorIds":[],"name":"1wqd","patientIds":[],"roomIds":[],"visitorIds":[],"visitors":[]},{"doctorIds":[],"name":"aaaa","patientIds":[],"roomIds":[],"visitorIds":[],"visitors":[]},{"doctorIds":[],"name":"aaaaaaaaaa","patientIds":[],"roomIds":[],"visitorIds":[],"visitors":[]},{"doctorIds":[],"name":"anja","patientIds":[],"roomIds":[],"visitorIds":[],"visitors":[]},{"doctorIds":[],"name":"neurolgija","patientIds":[],"roomIds":[],"visitorIds":[],"visitors":[]},{"doctorIds":[],"name":"iiiiiiii","patientIds":[],"roomIds":[],"visitorIds":[],"visitors":[]},{"doctorIds":[],"name":"jkjkldf","patientIds":[],"roomIds":[],"visitorIds":[],"visitors":[]},{"doctorIds":[],"name":"ivan","patientIds":[],"roomIds":[],"visitorIds":[],"visitors":[]}]
2025-12-10 15:55:44,810 ERROR [main] R.RuntimeLogger [LogManager.java:51] null
jakarta.xml.bind.UnmarshalException: null
	at jakarta.xml.bind.helpers.AbstractUnmarshallerImpl.createUnmarshalException(AbstractUnmarshallerImpl.java:290)
	at org.glassfish.jaxb.runtime.v2.runtime.unmarshaller.UnmarshallerImpl.createUnmarshalException(UnmarshallerImpl.java:539)
	at org.glassfish.jaxb.runtime.v2.runtime.unmarshaller.UnmarshallerImpl.unmarshal0(UnmarshallerImpl.java:224)
	at org.glassfish.jaxb.runtime.v2.runtime.unmarshaller.UnmarshallerImpl.unmarshal(UnmarshallerImpl.java:189)
	at jakarta.xml.bind.helpers.AbstractUnmarshallerImpl.unmarshal(AbstractUnmarshallerImpl.java:146)
	at jakarta.xml.bind.helpers.AbstractUnmarshallerImpl.unmarshal(AbstractUnmarshallerImpl.java:188)
	at jakarta.xml.bind.helpers.AbstractUnmarshallerImpl.unmarshal(AbstractUnmarshallerImpl.java:172)
	at userLogs.LogManager.getLogDataBase(LogManager.java:49)
	at userLogs.LogManager.addLog(LogManager.java:18)
	at Main.Main.main(Main.java:73)
Caused by: org.xml.sax.SAXParseException: Premature end of file.
	at java.xml/com.sun.org.apache.xerces.internal.util.ErrorHandlerWrapper.createSAXParseException(ErrorHandlerWrapper.java:204)
	at java.xml/com.sun.org.apache.xerces.internal.util.ErrorHandlerWrapper.fatalError(ErrorHandlerWrapper.java:178)
	at java.xml/com.sun.org.apache.xerces.internal.impl.XMLErrorReporter.reportError(XMLErrorReporter.java:400)
	at java.xml/com.sun.org.apache.xerces.internal.impl.XMLErrorReporter.reportError(XMLErrorReporter.java:327)
	at java.xml/com.sun.org.apache.xerces.internal.impl.XMLScanner.reportFatalError(XMLScanner.java:1465)
	at java.xml/com.sun.org.apache.xerces.internal.impl.XMLDocumentScannerImpl$PrologDriver.next(XMLDocumentScannerImpl.java:1043)
	at java.xml/com.sun.org.apache.xerces.internal.impl.XMLDocumentScannerImpl.next(XMLDocumentScannerImpl.java:635)
	at java.xml/com.sun.org.apache.xerces.internal.impl.XMLNSDocumentScannerImpl.next(XMLNSDocumentScannerImpl.java:113)
	at java.xml/com.sun.org.apache.xerces.internal.impl.XMLDocumentFragmentScannerImpl.scanDocument(XMLDocumentFragmentScannerImpl.java:551)
	at java.xml/com.sun.org.apache.xerces.internal.parsers.XML11Configuration.parse(XML11Configuration.java:890)
	at java.xml/com.sun.org.apache.xerces.internal.parsers.XML11Configuration.parse(XML11Configuration.java:826)
	at java.xml/com.sun.org.apache.xerces.internal.parsers.XMLParser.parse(XMLParser.java:137)
	at java.xml/com.sun.org.apache.xerces.internal.parsers.AbstractSAXParser.parse(AbstractSAXParser.java:1225)
	at java.xml/com.sun.org.apache.xerces.internal.jaxp.SAXParserImpl$JAXPSAXParser.parse(SAXParserImpl.java:629)
	at org.glassfish.jaxb.runtime.v2.runtime.unmarshaller.UnmarshallerImpl.unmarshal0(UnmarshallerImpl.java:218)
	... 7 common frames omitted
2025-12-10 15:56:05,796 INFO [main] R.RuntimeLogger [Department.java:150] Department created: asdklafsd
2025-12-10 15:56:05,818 INFO [main] R.RuntimeLogger [DataBaseManager.java:39] JSON Serialization Successfull:[{"doctorIds":[],"name":"Neurologija","patientIds":[],"roomIds":[],"visitorIds":[],"visitors":[]},{"doctorIds":[],"name":"Neurologija","patientIds":[],"roomIds":[],"visitorIds":[],"visitors":[]},{"doctorIds":[],"name":"Neurologija","patientIds":[],"roomIds":[],"visitorIds":[],"visitors":[]},{"doctorIds":[],"name":"Ivanovina","patientIds":[],"roomIds":[],"visitorIds":[],"visitors":[]},{"doctorIds":[],"name":"sdfjklasd","patientIds":[],"roomIds":[],"visitorIds":[],"visitors":[]},{"doctorIds":[],"name":"asdčlkfj","patientIds":[],"roomIds":[],"visitorIds":[],"visitors":[]},{"doctorIds":[],"name":"sadklčdfsčklj","patientIds":[],"roomIds":[],"visitorIds":[],"visitors":[]},{"doctorIds":[],"name":"sdalčkfjasdćf","patientIds":[],"roomIds":[],"visitorIds":[],"visitors":[]},{"doctorIds":[],"name":"dfsa","patientIds":[],"roomIds":[],"visitorIds":[],"visitors":[]},{"doctorIds":[],"name":"1wqd","patientIds":[],"roomIds":[],"visitorIds":[],"visitors":[]},{"doctorIds":[],"name":"aaaa","patientIds":[],"roomIds":[],"visitorIds":[],"visitors":[]},{"doctorIds":[],"name":"aaaaaaaaaa","patientIds":[],"roomIds":[],"visitorIds":[],"visitors":[]},{"doctorIds":[],"name":"anja","patientIds":[],"roomIds":[],"visitorIds":[],"visitors":[]},{"doctorIds":[],"name":"neurolgija","patientIds":[],"roomIds":[],"visitorIds":[],"visitors":[]},{"doctorIds":[],"name":"iiiiiiii","patientIds":[],"roomIds":[],"visitorIds":[],"visitors":[]},{"doctorIds":[],"name":"jkjkldf","patientIds":[],"roomIds":[],"visitorIds":[],"visitors":[]},{"doctorIds":[],"name":"ivan","patientIds":[],"roomIds":[],"visitorIds":[],"visitors":[]},{"doctorIds":[],"name":"asdklafsd","patientIds":[],"roomIds":[],"visitorIds":[],"visitors":[]}]
2025-12-10 16:27:39,236 INFO [main] R.RuntimeLogger [Department.java:150] Department created: jajajajajjajaja
2025-12-10 16:27:39,257 INFO [main] R.RuntimeLogger [DataBaseManager.java:39] JSON Serialization Successfull:[{"name":"Neurologija","visitors":[]},{"name":"Neurologija","visitors":[]},{"name":"Neurologija","visitors":[]},{"name":"Ivanovina","visitors":[]},{"name":"sdfjklasd","visitors":[]},{"name":"asdčlkfj","visitors":[]},{"name":"sadklčdfsčklj","visitors":[]},{"name":"sdalčkfjasdćf","visitors":[]},{"name":"dfsa","visitors":[]},{"name":"1wqd","visitors":[]},{"name":"aaaa","visitors":[]},{"name":"aaaaaaaaaa","visitors":[]},{"name":"anja","visitors":[]},{"name":"neurolgija","visitors":[]},{"name":"iiiiiiii","visitors":[]},{"name":"jkjkldf","visitors":[]},{"name":"ivan","visitors":[]},{"name":"asdklafsd","visitors":[]},{"name":"jajajajajjajaja","visitors":[]}]
