2025-11-02 20:32:42,718 INFO [main] e.Department [Department.java:71] Stvoren je odjel sa imenom:  
2025-11-02 20:48:23,026 INFO [main] e.Department [Department.java:70] Stvoren je odjel sa imenom: dfadf
2025-11-02 20:48:27,363 INFO [main] e.Department [Department.java:70] Stvoren je odjel sa imenom:  
2025-11-02 20:48:36,802 ERROR [main] Main.Main [Main.java:60] Ime odjela nemože bit prazno
java.lang.IllegalArgumentException: Ime odjela nemože bit prazno
	at entity.Department.generateDepartment(Department.java:68)
	at Main.Main.main(Main.java:55)
2025-11-02 20:48:51,258 ERROR [main] Main.Main [Main.java:60] Ime odjela nemože bit prazno
java.lang.IllegalArgumentException: Ime odjela nemože bit prazno
	at entity.Department.generateDepartment(Department.java:68)
	at Main.Main.main(Main.java:55)
2025-11-02 20:48:54,118 INFO [main] e.Department [Department.java:70] Stvoren je odjel sa imenom: 1
2025-11-02 20:48:56,222 ERROR [main] Main.Main [Main.java:60] Ime odjela nemože bit prazno
java.lang.IllegalArgumentException: Ime odjela nemože bit prazno
	at entity.Department.generateDepartment(Department.java:68)
	at Main.Main.main(Main.java:55)
2025-11-02 20:52:33,715 INFO [main] e.Department [Department.java:70] Stvoren je odjel sa imenom: 1
2025-11-02 20:52:35,123 ERROR [main] Main.Main [Main.java:60] Ime odjela nemože bit prazno
java.lang.IllegalArgumentException: Ime odjela nemože bit prazno
	at entity.Department.generateDepartment(Department.java:68)
	at Main.Main.main(Main.java:55)
2025-11-02 20:52:37,018 INFO [main] e.Department [Department.java:70] Stvoren je odjel sa imenom: wwws
2025-11-02 20:57:11,618 ERROR [main] Main.Main [Main.java:60] Ime odjela nemože bit prazno
java.lang.IllegalArgumentException: Ime odjela nemože bit prazno
	at entity.Department.generateDepartment(Department.java:68)
	at Main.Main.main(Main.java:55)
2025-11-02 20:57:16,957 INFO [main] e.Department [Department.java:70] Stvoren je odjel sa imenom: Neurologija
2025-11-02 20:57:26,139 INFO [main] e.Doctor [Doctor.java:55] Stvoren je doktor s imenom: 
2025-11-02 20:57:38,645 INFO [main] e.Patient [Patient.java:57] Stvoren je pacijent imena: 
2025-11-02 20:59:44,677 INFO [main] e.Department [Department.java:70] Stvoren je odjel sa imenom: Neuro
2025-11-02 20:59:47,620 ERROR [main] Main.Main [Main.java:113] Ne postoji doktor za zbrijnjavanje pacijenta
entity.PersonnelException: Ne postoji doktor za zbrijnjavanje pacijenta
	at entity.Department.addPatient(Department.java:78)
	at Main.Main.main(Main.java:104)
2025-11-02 21:00:02,018 INFO [main] e.Doctor [Doctor.java:55] Stvoren je doktor s imenom: adsf
2025-11-02 21:00:05,582 INFO [main] e.Patient [Patient.java:57] Stvoren je pacijent imena: asdf
2025-11-02 21:00:06,717 ERROR [main] Main.Main [Main.java:108] Unesen je redni broj doktora koji ne postoji
java.lang.IndexOutOfBoundsException: Unesen je redni broj doktora koji ne postoji
	at entity.Department.addPatient(Department.java:94)
	at Main.Main.main(Main.java:104)
2025-11-02 21:00:15,447 INFO [main] e.Patient [Patient.java:57] Stvoren je pacijent imena: 
2025-11-03 13:56:56,344 ERROR [main] Main.Main [Main.java:61] Ime odjela nemože bit prazno
java.lang.IllegalArgumentException: Ime odjela nemože bit prazno
	at entity.Department.generateDepartment(Department.java:68)
	at Main.Main.main(Main.java:55)
2025-11-03 13:57:35,245 ERROR [main] Main.Main [Main.java:60] Ime odjela nemože bit prazno
java.lang.IllegalArgumentException: Ime odjela nemože bit prazno
	at entity.Department.generateDepartment(Department.java:68)
	at Main.Main.main(Main.java:55)
2025-11-03 13:57:56,923 ERROR [main] Main.Main [Main.java:61] Ime odjela nemože bit prazno
java.lang.IllegalArgumentException: Ime odjela nemože bit prazno
	at entity.Department.generateDepartment(Department.java:68)
	at Main.Main.main(Main.java:55)
2025-11-03 14:02:04,176 ERROR [main] Main.Main [Main.java:61] Ime odjela nemože bit prazno
java.lang.IllegalArgumentException: Ime odjela nemože bit prazno
	at entity.Department.generateDepartment(Department.java:68)
	at Main.Main.main(Main.java:55)
2025-11-03 16:01:36,092 INFO [main] e.Department [Department.java:71] Stvoren je odjel sa imenom: Neuro
2025-11-03 16:02:18,968 INFO [main] e.Department [Department.java:71] Stvoren je odjel sa imenom: Neuro
2025-11-03 16:02:28,403 ERROR [main] Main.Main [Main.java:106] Ime doktora ne smije biti prazno
java.lang.IllegalArgumentException: Ime doktora ne smije biti prazno
	at entity.Doctor.generateDoctor(Doctor.java:47)
	at entity.Department.addDoctor(Department.java:58)
	at Main.Main.main(Main.java:102)
2025-11-03 16:02:51,547 INFO [main] e.Doctor [Doctor.java:60] Stvoren je doktor s imenom: Ivan
2025-11-03 16:03:11,255 INFO [main] e.Patient [Patient.java:57] Stvoren je pacijent imena: 
2025-11-03 16:03:13,082 ERROR [main] Main.Main [Main.java:120] Unesen je redni broj doktora koji ne postoji
java.lang.IndexOutOfBoundsException: Unesen je redni broj doktora koji ne postoji
	at entity.Department.addPatient(Department.java:95)
	at Main.Main.main(Main.java:116)
2025-11-03 16:04:24,119 INFO [main] e.Department [Department.java:71] Stvoren je odjel sa imenom: neuro
2025-11-03 16:04:31,423 INFO [main] e.Doctor [Doctor.java:60] Stvoren je doktor s imenom: ivan
2025-11-03 16:04:38,957 INFO [main] e.Patient [Patient.java:57] Stvoren je pacijent imena: ivan
2025-11-03 16:04:40,407 ERROR [main] Main.Main [Main.java:120] Unesen je redni broj doktora koji ne postoji
java.lang.IndexOutOfBoundsException: Unesen je redni broj doktora koji ne postoji
	at entity.Department.addPatient(Department.java:96)
	at Main.Main.main(Main.java:116)
2025-11-03 16:04:45,686 INFO [main] e.Patient [Patient.java:57] Stvoren je pacijent imena: idasf
2025-11-03 16:04:51,319 ERROR [main] Main.Main [Main.java:120] Unesen je redni broj sobe koja ne postoji
java.lang.IndexOutOfBoundsException: Unesen je redni broj sobe koja ne postoji
	at entity.Department.addPatient(Department.java:109)
	at Main.Main.main(Main.java:116)
2025-11-03 16:05:34,361 INFO [main] e.Department [Department.java:71] Stvoren je odjel sa imenom: dasf
2025-11-03 16:05:38,444 INFO [main] e.Doctor [Doctor.java:60] Stvoren je doktor s imenom: adf
2025-11-03 16:05:41,740 INFO [main] e.Patient [Patient.java:57] Stvoren je pacijent imena: asdf
2025-11-03 16:05:43,154 ERROR [main] Main.Main [Main.java:120] Unesen je redni broj doktora koji ne postoji
java.lang.IndexOutOfBoundsException: Unesen je redni broj doktora koji ne postoji
	at entity.Department.addPatient(Department.java:96)
	at Main.Main.main(Main.java:116)
2025-11-03 16:05:48,244 INFO [main] e.Patient [Patient.java:57] Stvoren je pacijent imena: asfd
2025-11-03 16:09:10,607 INFO [main] e.Department [Department.java:71] Stvoren je odjel sa imenom: sdf
2025-11-03 16:09:17,020 INFO [main] e.Doctor [Doctor.java:60] Stvoren je doktor s imenom: asdf
2025-11-03 16:09:20,167 INFO [main] e.Patient [Patient.java:57] Stvoren je pacijent imena: asdf
2025-11-03 16:09:21,387 ERROR [main] Main.Main [Main.java:120] Unesen je redni broj doktora koji ne postoji
java.lang.IndexOutOfBoundsException: Unesen je redni broj doktora koji ne postoji
	at entity.Department.addPatient(Department.java:96)
	at Main.Main.main(Main.java:116)
2025-11-03 16:09:24,983 INFO [main] e.Patient [Patient.java:57] Stvoren je pacijent imena: sdaf
2025-11-03 16:09:26,774 ERROR [main] Main.Main [Main.java:120] Unesen je redni broj sobe koja ne postoji
java.lang.IndexOutOfBoundsException: Unesen je redni broj sobe koja ne postoji
	at entity.Department.addPatient(Department.java:109)
	at Main.Main.main(Main.java:116)
2025-11-03 16:09:28,666 INFO [main] e.Patient [Patient.java:57] Stvoren je pacijent imena: adsf
2025-11-08 18:16:31,647 INFO [main] e.Department [Department.java:77] Stvoren je odjel sa imenom: neuro
2025-11-08 18:16:49,211 INFO [main] e.Doctor [Doctor.java:81] Stvoren je doktor s imenom: Ivan Ivanovic
2025-11-08 18:17:50,329 INFO [main] e.Department [Department.java:120] Kreiran je pacijent s imenom: luka Luka
2025-11-08 18:21:43,384 INFO [main] e.Department [Department.java:77] Stvoren je odjel sa imenom: NEUR
2025-11-08 18:21:55,993 INFO [main] e.Doctor [Doctor.java:82] Stvoren je doktor s imenom: safisad
2025-11-08 18:22:06,852 INFO [main] e.Doctor [Doctor.java:82] Stvoren je doktor s imenom: Ivan I
2025-11-08 18:22:23,147 INFO [main] e.Department [Department.java:120] Kreiran je pacijent s imenom: ivan
2025-11-08 18:22:35,692 INFO [main] e.Department [Department.java:120] Kreiran je pacijent s imenom: asfd
2025-11-08 18:22:47,107 INFO [main] e.Department [Department.java:120] Kreiran je pacijent s imenom: dasfsd
2025-11-23 15:01:36,560 INFO [main] e.Department [Department.java:77] Stvoren je odjel sa imenom: neuro
2025-11-23 15:02:02,004 INFO [main] e.Doctor [Doctor.java:84] Stvoren je doktor s imenom: Ivan ivanovic
2025-11-23 15:03:15,152 INFO [main] e.Department [Department.java:77] Stvoren je odjel sa imenom: neuro
2025-11-23 15:03:31,930 INFO [main] e.Department [Department.java:77] Stvoren je odjel sa imenom: neuro
2025-11-23 15:03:50,651 INFO [main] e.Doctor [Doctor.java:85] Stvoren je doktor s imenom: dasf
2025-11-23 15:07:09,315 INFO [main] e.Department [Department.java:77] Stvoren je odjel sa imenom: asdlfkj
2025-11-23 15:07:15,275 INFO [main] e.Doctor [Doctor.java:85] Stvoren je doktor s imenom: asdf
2025-11-30 20:13:48,349 INFO [main] e.Department [Department.java:81] Stvoren je odjel sa imenom: neuro
2025-11-30 20:14:16,194 ERROR [main] e.DepartmentMenu [DepartmentMenu.java:63] Ne postoji doktor za zbrijnjavanje pacijenta
entity.PersonnelException: Ne postoji doktor za zbrijnjavanje pacijenta
	at entity.Department.addPatient(Department.java:95)
	at entity.DepartmentMenu.DepartmentMenu(DepartmentMenu.java:54)
	at Main.Main.main(Main.java:76)
2025-11-30 20:16:54,626 INFO [main] e.Doctor [Doctor.java:85] Stvoren je doktor s imenom: asdkfa
2025-11-30 20:17:10,261 INFO [main] e.Department [Department.java:126] Kreiran je pacijent s imenom: dasf
2025-11-30 20:20:36,410 INFO [main] e.Department [Department.java:126] Kreiran je pacijent s imenom: asdfasdf
2025-11-30 20:20:52,820 INFO [main] e.Department [Department.java:126] Kreiran je pacijent s imenom: fdsa
2025-11-30 20:21:00,890 INFO [main] e.Doctor [Doctor.java:85] Stvoren je doktor s imenom: asdf
2025-11-30 20:42:23,033 INFO [main] e.Department [Department.java:81] Stvoren je odjel sa imenom: neuro
2025-11-30 20:42:38,421 INFO [main] e.Doctor [Doctor.java:85] Stvoren je doktor s imenom: asdf
2025-11-30 20:42:54,311 INFO [main] e.Department [Department.java:126] Kreiran je pacijent s imenom: adsf
2025-11-30 20:43:14,494 INFO [main] e.Department [Department.java:126] Kreiran je pacijent s imenom: NOa
2025-11-30 20:45:42,957 INFO [main] e.Department [Department.java:81] Stvoren je odjel sa imenom: neuro
2025-11-30 20:45:52,139 ERROR [main] e.DepartmentMenu [DepartmentMenu.java:63] Ne postoji doktor za zbrijnjavanje pacijenta
entity.PersonnelException: Ne postoji doktor za zbrijnjavanje pacijenta
	at entity.Department.addPatient(Department.java:95)
	at entity.DepartmentMenu.DepartmentMenu(DepartmentMenu.java:54)
	at Main.Main.main(Main.java:76)
2025-11-30 20:45:56,645 INFO [main] e.Doctor [Doctor.java:85] Stvoren je doktor s imenom: ačklf
2025-11-30 20:46:06,520 INFO [main] e.Department [Department.java:126] Kreiran je pacijent s imenom: Noa
2025-11-30 20:47:39,225 INFO [main] e.Department [Department.java:81] Stvoren je odjel sa imenom: neuro
2025-11-30 20:47:45,269 INFO [main] e.Doctor [Doctor.java:85] Stvoren je doktor s imenom: sdaf
2025-11-30 20:47:53,339 INFO [main] e.Department [Department.java:126] Kreiran je pacijent s imenom: NOa
2025-11-30 20:48:34,669 INFO [main] e.Department [Department.java:82] Stvoren je odjel sa imenom: neuro
2025-11-30 20:48:48,769 INFO [main] e.Doctor [Doctor.java:85] Stvoren je doktor s imenom: afd
2025-11-30 20:48:56,978 INFO [main] e.Department [Department.java:127] Kreiran je pacijent s imenom: Noa
2025-11-30 20:53:58,878 INFO [main] e.Department [Department.java:82] Stvoren je odjel sa imenom: sdf
2025-11-30 20:54:03,388 INFO [main] e.Doctor [Doctor.java:85] Stvoren je doktor s imenom: sdf
2025-11-30 20:54:12,333 INFO [main] e.Department [Department.java:127] Kreiran je pacijent s imenom: Noa 
2025-11-30 20:54:56,280 INFO [main] e.Department [Department.java:82] Stvoren je odjel sa imenom: neuro
2025-11-30 20:55:00,833 INFO [main] e.Doctor [Doctor.java:85] Stvoren je doktor s imenom: sadf
2025-11-30 20:55:06,429 INFO [main] e.Department [Department.java:127] Kreiran je pacijent s imenom: Noa
2025-11-30 20:58:47,032 INFO [main] e.Department [Department.java:82] Stvoren je odjel sa imenom: neuro
2025-11-30 20:58:52,830 INFO [main] e.Doctor [Doctor.java:85] Stvoren je doktor s imenom: asdf
2025-11-30 20:59:01,517 INFO [main] e.Department [Department.java:127] Kreiran je pacijent s imenom: noa
2025-11-30 21:00:27,528 INFO [main] e.Department [Department.java:82] Stvoren je odjel sa imenom:  neuro
2025-11-30 21:03:35,901 INFO [main] e.Doctor [Doctor.java:85] Stvoren je doktor s imenom: sadfdasf
2025-11-30 21:03:42,150 INFO [main] e.Department [Department.java:127] Kreiran je pacijent s imenom: noa
2025-11-30 21:44:16,843 INFO [main] e.RegularDepartment [RegularDepartment.java:83] Stvoren je odjel sa imenom: neuro
2025-11-30 21:46:42,204 INFO [main] e.RegularDepartment [RegularDepartment.java:83] Stvoren je odjel sa imenom: neuro
2025-12-05 15:12:37,360 INFO [main] e.RegularDepartment [RegularDepartment.java:96] Stvoren je odjel sa imenom: neuro
2025-12-05 15:12:54,034 ERROR [main] e.DepartmentMenu [DepartmentMenu.java:56] Ne postoji doktor za zbrijnjavanje pacijenta
entity.PersonnelException: Ne postoji doktor za zbrijnjavanje pacijenta
	at entity.Department.addPatient(RegularDepartment.java:110)
	at entity.DepartmentMenu.DepartmentMenu(DepartmentMenu.java:47)
	at Main.Main.main(Main.java:73)
2025-12-05 15:13:06,459 INFO [main] e.Doctor [Doctor.java:95] Stvoren je doktor s imenom: iva
2025-12-05 17:13:08,751 INFO [main] e.RegularDepartment [RegularDepartment.java:113] Stvoren je odjel sa imenom: neuro
2025-12-05 17:13:11,553 INFO [main] e.RegularDepartment [RegularDepartment.java:113] Stvoren je odjel sa imenom: 2
2025-12-05 17:13:32,750 INFO [main] e.Doctor [Doctor.java:95] Stvoren je doktor s imenom: Ivan Barisis
2025-12-05 17:13:32,828 INFO [main] e.RegularDepartment [RegularDepartment.java:90] No new file was Created
2025-12-05 17:17:25,800 INFO [main] e.RegularDepartment [RegularDepartment.java:110] Stvoren je odjel sa imenom: neuor
2025-12-05 17:17:34,763 INFO [main] e.Doctor [Doctor.java:95] Stvoren je doktor s imenom: Ivan 
2025-12-05 17:17:34,840 ERROR [main] e.RegularDepartment [RegularDepartment.java:91] Error while serializing doctor
2025-12-05 17:18:35,678 INFO [main] e.RegularDepartment [RegularDepartment.java:110] Stvoren je odjel sa imenom: neuro
2025-12-05 17:18:44,568 INFO [main] e.RegularDepartment [RegularDepartment.java:110] Stvoren je odjel sa imenom: 2
2025-12-05 17:18:56,817 INFO [main] e.Doctor [Doctor.java:95] Stvoren je doktor s imenom: Ivan 
2025-12-05 17:18:56,892 ERROR [main] e.RegularDepartment [RegularDepartment.java:91] Error while serializing doctor
java.io.FileNotFoundException: LocalDataBase (Access is denied)
	at java.base/java.io.FileOutputStream.open0(Native Method)
	at java.base/java.io.FileOutputStream.open(FileOutputStream.java:255)
	at java.base/java.io.FileOutputStream.<init>(FileOutputStream.java:210)
	at java.base/java.io.FileOutputStream.<init>(FileOutputStream.java:120)
	at java.base/java.io.FileWriter.<init>(FileWriter.java:67)
	at entity.JSONSerialization.JsonSerialization(JSONSerialization.java:34)
	at entity.Department.addDoctor(RegularDepartment.java:87)
	at entity.DepartmentMenu.DepartmentMenu(DepartmentMenu.java:37)
	at Main.Main.main(Main.java:73)
2025-12-05 17:20:04,043 INFO [main] e.RegularDepartment [RegularDepartment.java:110] Stvoren je odjel sa imenom: neuro
2025-12-05 17:20:13,642 INFO [main] e.Doctor [Doctor.java:95] Stvoren je doktor s imenom: afsd
2025-12-05 17:20:13,720 ERROR [main] e.RegularDepartment [RegularDepartment.java:91] Error while serializing doctor
java.io.FileNotFoundException: LocalDataBase (Access is denied)
	at java.base/java.io.FileOutputStream.open0(Native Method)
	at java.base/java.io.FileOutputStream.open(FileOutputStream.java:255)
	at java.base/java.io.FileOutputStream.<init>(FileOutputStream.java:210)
	at java.base/java.io.FileOutputStream.<init>(FileOutputStream.java:120)
	at java.base/java.io.FileWriter.<init>(FileWriter.java:67)
	at entity.JSONSerialization.JsonSerialization(JSONSerialization.java:34)
	at entity.Department.addDoctor(RegularDepartment.java:87)
	at entity.DepartmentMenu.DepartmentMenu(DepartmentMenu.java:37)
	at Main.Main.main(Main.java:73)
2025-12-05 17:22:14,292 INFO [main] e.RegularDepartment [RegularDepartment.java:110] Stvoren je odjel sa imenom: neuro
2025-12-05 17:22:19,943 INFO [main] e.Doctor [Doctor.java:95] Stvoren je doktor s imenom: asdf
2025-12-05 17:22:20,019 ERROR [main] e.RegularDepartment [RegularDepartment.java:91] Error while serializing doctor
java.io.FileNotFoundException: 
	at java.base/java.io.FileOutputStream.open0(Native Method)
	at java.base/java.io.FileOutputStream.open(FileOutputStream.java:255)
	at java.base/java.io.FileOutputStream.<init>(FileOutputStream.java:210)
	at java.base/java.io.FileOutputStream.<init>(FileOutputStream.java:120)
	at java.base/java.io.FileWriter.<init>(FileWriter.java:67)
	at entity.JSONSerialization.JsonSerialization(JSONSerialization.java:34)
	at entity.Department.addDoctor(RegularDepartment.java:87)
	at entity.DepartmentMenu.DepartmentMenu(DepartmentMenu.java:37)
	at Main.Main.main(Main.java:73)
2025-12-05 17:23:57,560 INFO [main] e.RegularDepartment [RegularDepartment.java:110] Stvoren je odjel sa imenom: neuro
2025-12-05 17:24:04,483 INFO [main] e.Doctor [Doctor.java:95] Stvoren je doktor s imenom: asdf
2025-12-05 17:24:04,560 INFO [main] e.JSONSerialization [JSONSerialization.java:37] JSON Serialization Successfull:{"OIB":"123","name":"asdf","patients":[],"selectionLine":"asdf","specialty":"sda"}
2025-12-05 17:24:37,809 INFO [main] e.Doctor [Doctor.java:95] Stvoren je doktor s imenom: asd
2025-12-05 17:24:37,809 INFO [main] e.JSONSerialization [JSONSerialization.java:37] JSON Serialization Successfull:{"OIB":"123","name":"asd","patients":[],"selectionLine":"asd","specialty":"123"}
2025-12-05 17:25:24,043 INFO [main] e.Doctor [Doctor.java:95] Stvoren je doktor s imenom: Ivan
2025-12-05 17:25:24,043 INFO [main] e.JSONSerialization [JSONSerialization.java:37] JSON Serialization Successfull:{"OIB":"13423234","name":"Ivan","patients":[],"selectionLine":"Ivan","specialty":"koljeno"}
2025-12-05 17:36:11,309 INFO [main] e.RegularDepartment [RegularDepartment.java:110] Stvoren je odjel sa imenom: neru
2025-12-05 17:36:16,086 INFO [main] e.Doctor [Doctor.java:95] Stvoren je doktor s imenom: afd
2025-12-05 17:36:16,164 INFO [main] e.JSONSerialization [JSONSerialization.java:38] JSON Serialization Successfull:[{"OIB":"asdf","name":"afd","patients":[],"selectionLine":"afd","specialty":"asd"}]
2025-12-05 17:36:28,536 INFO [main] e.RegularDepartment [RegularDepartment.java:161] Kreiran je pacijent s imenom: asdf
2025-12-05 17:36:33,883 INFO [main] e.Doctor [Doctor.java:95] Stvoren je doktor s imenom: aadfs
2025-12-05 17:45:29,174 INFO [main] e.RegularDepartment [RegularDepartment.java:110] Stvoren je odjel sa imenom: neuro
2025-12-05 17:45:36,390 INFO [main] e.Doctor [Doctor.java:95] Stvoren je doktor s imenom: sdaflk
2025-12-05 17:45:36,470 INFO [main] e.JSONSerialization [JSONSerialization.java:38] JSON Serialization Successfull:[{"OIB":"lasdkj","name":"sdaflk","patients":[],"selectionLine":"sdaflk","specialty":"2"}]
2025-12-05 17:45:44,090 INFO [main] e.Doctor [Doctor.java:95] Stvoren je doktor s imenom: ačsdjf
2025-12-05 17:45:44,091 INFO [main] e.JSONSerialization [JSONSerialization.java:38] JSON Serialization Successfull:[{"OIB":"lasdkj","name":"sdaflk","patients":[],"selectionLine":"sdaflk","specialty":"2"},{"OIB":"časljkdf","name":"ačsdjf","patients":[],"selectionLine":"ačsdjf","specialty":"asdfljk"}]
2025-12-06 13:08:53,290 INFO [main] e.Department [Department.java:109] Stvoren je odjel sa imenom: neuro
2025-12-06 13:12:07,998 INFO [main] e.Department [Department.java:116] Stvoren je odjel sa imenom: neuor
2025-12-06 13:13:30,547 INFO [main] e.Department [Department.java:116] Stvoren je odjel sa imenom: neuro
2025-12-06 13:17:51,939 INFO [main] e.Department [Department.java:113] Stvoren je odjel sa imenom: neuro
2025-12-06 13:17:52,048 INFO [main] e.JSONSerialization [JSONSerialization.java:37] JSON Serialization Successfull:[{"id":"f1022a81-ff31-4db7-adbf-a3d3bc9b50cf","patients":[],"selectionLine":"f1022a81-ff31-4db7-adbf-a3d3bc9b50cf"}]
2025-12-06 13:17:52,049 INFO [main] e.JSONSerialization [JSONSerialization.java:37] JSON Serialization Successfull:[]
2025-12-06 13:17:58,193 INFO [main] e.Department [Department.java:113] Stvoren je odjel sa imenom: nova
2025-12-06 13:17:58,194 INFO [main] e.JSONSerialization [JSONSerialization.java:37] JSON Serialization Successfull:[{"id":"6d6b52c9-ffeb-4d10-a8b6-833e712f7e9f","patients":[],"selectionLine":"6d6b52c9-ffeb-4d10-a8b6-833e712f7e9f"}]
2025-12-06 13:17:58,200 INFO [main] e.JSONSerialization [JSONSerialization.java:37] JSON Serialization Successfull:[{"doctors":[],"name":"neuro","patients":[],"rooms":["f1022a81-ff31-4db7-adbf-a3d3bc9b50cf"],"selectionLine":"neuro"}]
2025-12-06 13:18:15,186 INFO [main] e.Doctor [Doctor.java:108] Stvoren je doktor s imenom: ivan barisic
2025-12-06 13:18:15,188 INFO [main] e.JSONSerialization [JSONSerialization.java:37] JSON Serialization Successfull:[{"OIB":"3223434","name":"ivan barisic","id":"fb5db644-c93c-4cd8-b759-522b19192b2a","patients":[],"selectionLine":"ivan barisic","specialty":"koljeno"}]
2025-12-06 13:18:15,189 INFO [main] e.JSONSerialization [JSONSerialization.java:37] JSON Serialization Successfull:[{"doctors":["fb5db644-c93c-4cd8-b759-522b19192b2a"],"name":"neuro","patients":[],"rooms":["f1022a81-ff31-4db7-adbf-a3d3bc9b50cf"],"selectionLine":"neuro"},{"doctors":[],"name":"nova","patients":[],"rooms":["6d6b52c9-ffeb-4d10-a8b6-833e712f7e9f"],"selectionLine":"nova"}]
2025-12-06 13:18:19,800 INFO [main] e.JSONSerialization [JSONSerialization.java:37] JSON Serialization Successfull:[{"id":"f1022a81-ff31-4db7-adbf-a3d3bc9b50cf","patients":[],"selectionLine":"f1022a81-ff31-4db7-adbf-a3d3bc9b50cf"},{"id":"02aaab49-9fca-40c7-bd7a-b89f20ce7f43","patients":[],"selectionLine":"02aaab49-9fca-40c7-bd7a-b89f20ce7f43"}]
2025-12-06 13:18:19,801 INFO [main] e.JSONSerialization [JSONSerialization.java:37] JSON Serialization Successfull:[{"doctors":["fb5db644-c93c-4cd8-b759-522b19192b2a"],"name":"neuro","patients":[],"rooms":["f1022a81-ff31-4db7-adbf-a3d3bc9b50cf","02aaab49-9fca-40c7-bd7a-b89f20ce7f43"],"selectionLine":"neuro"},{"doctors":[],"name":"nova","patients":[],"rooms":["6d6b52c9-ffeb-4d10-a8b6-833e712f7e9f"],"selectionLine":"nova"}]
2025-12-06 13:18:47,959 INFO [main] e.JSONSerialization [JSONSerialization.java:37] JSON Serialization Successfull:[{"OIB":"212443","name":"noa","diagnosis":"Neurocisticna fibrioza doljnjeg koljena","doctor":"fb5db644-c93c-4cd8-b759-522b19192b2a","id":"31153cbf-7e2a-4970-bab3-168aedd779cd","room":"02aaab49-9fca-40c7-bd7a-b89f20ce7f43","selectionLine":"noa","status":"HOSPITALIZED"}]
2025-12-06 13:18:47,960 INFO [main] e.JSONSerialization [JSONSerialization.java:37] JSON Serialization Successfull:[{"OIB":"3223434","name":"ivan barisic","id":"fb5db644-c93c-4cd8-b759-522b19192b2a","patients":["31153cbf-7e2a-4970-bab3-168aedd779cd"],"selectionLine":"ivan barisic","specialty":"koljeno"}]
2025-12-06 13:18:47,960 INFO [main] e.JSONSerialization [JSONSerialization.java:37] JSON Serialization Successfull:[{"id":"f1022a81-ff31-4db7-adbf-a3d3bc9b50cf","patients":[],"selectionLine":"f1022a81-ff31-4db7-adbf-a3d3bc9b50cf"},{"id":"02aaab49-9fca-40c7-bd7a-b89f20ce7f43","patients":["31153cbf-7e2a-4970-bab3-168aedd779cd"],"selectionLine":"02aaab49-9fca-40c7-bd7a-b89f20ce7f43"}]
2025-12-06 13:18:47,960 INFO [main] e.JSONSerialization [JSONSerialization.java:37] JSON Serialization Successfull:[{"doctors":["fb5db644-c93c-4cd8-b759-522b19192b2a"],"name":"neuro","patients":["31153cbf-7e2a-4970-bab3-168aedd779cd"],"rooms":["f1022a81-ff31-4db7-adbf-a3d3bc9b50cf","02aaab49-9fca-40c7-bd7a-b89f20ce7f43"],"selectionLine":"neuro"},{"doctors":[],"name":"nova","patients":[],"rooms":["6d6b52c9-ffeb-4d10-a8b6-833e712f7e9f"],"selectionLine":"nova"}]
2025-12-06 13:18:47,960 INFO [main] e.Department [Department.java:171] Kreiran je pacijent s imenom: noa
